Building DAG of jobs...
Using shell: /appl/scibuilder-mamba/aalto-rhel9/prod/software/scicomp-python-env/2024-01/f56a564/bin/bash
Provided cores: 1 (use --cores to define parallelism)
Rules claiming more threads will be scaled down.
Job stats:
job         count
--------  -------
all             1
resample        1
total           2

Select jobs to execute...
Execute 1 jobs...

[Sun Mar  9 23:52:55 2025]
localrule resample:
    input: data/interim/study_A/call_duration.csv
    output: data/interim/study_A/call_hourly.csv
    jobid: 1
    reason: Missing output files: data/interim/study_A/call_hourly.csv
    resources: tmpdir=/tmp

[Sun Mar  9 23:52:57 2025]
Finished job 1.
1 of 2 steps (50%) done
Select jobs to execute...
Execute 1 jobs...

[Sun Mar  9 23:52:57 2025]
localrule all:
    input: data/interim/study_A/call_hourly.csv
    jobid: 0
    reason: Input files updated by another job: data/interim/study_A/call_hourly.csv
    resources: tmpdir=/tmp

[Sun Mar  9 23:52:57 2025]
Finished job 0.
2 of 2 steps (100%) done
Complete log: .snakemake/log/2025-03-09T235255.742648.snakemake.log
