Building DAG of jobs...
Using shell: /appl/scibuilder-mamba/aalto-rhel9/prod/software/scicomp-python-env/2024-01/f56a564/bin/bash
Provided cores: 1 (use --cores to define parallelism)
Rules claiming more threads will be scaled down.
Job stats:
job         count
--------  -------
all             1
process         1
resample        1
total           3

Select jobs to execute...
Execute 1 jobs...

[Sun Mar  9 23:54:58 2025]
localrule process:
    input: data/raw/study_A/conversation_u00.csv, data/raw/study_A/conversation_u01.csv
    output: data/interim/study_A/call_duration.csv
    jobid: 2
    reason: Forced execution
    resources: tmpdir=/tmp

[Sun Mar  9 23:54:59 2025]
Finished job 2.
1 of 3 steps (33%) done
Select jobs to execute...
Execute 1 jobs...

[Sun Mar  9 23:54:59 2025]
localrule resample:
    input: data/interim/study_A/call_duration.csv
    output: data/interim/study_A/call_hourly.csv
    jobid: 1
    reason: Forced execution
    resources: tmpdir=/tmp

[Sun Mar  9 23:55:01 2025]
Finished job 1.
2 of 3 steps (67%) done
Select jobs to execute...
Execute 1 jobs...

[Sun Mar  9 23:55:01 2025]
localrule all:
    input: data/interim/study_A/call_hourly.csv
    jobid: 0
    reason: Forced execution
    resources: tmpdir=/tmp

[Sun Mar  9 23:55:01 2025]
Finished job 0.
3 of 3 steps (100%) done
Complete log: .snakemake/log/2025-03-09T235458.042478.snakemake.log
