Building DAG of jobs...
Using shell: /appl/scibuilder-mamba/aalto-rhel9/prod/software/scicomp-python-env/2024-01/f56a564/bin/bash
Provided cores: 1 (use --cores to define parallelism)
Rules claiming more threads will be scaled down.
Job stats:
job        count
-------  -------
process        1
total          1

Select jobs to execute...
Execute 1 jobs...

[Sun Mar  2 15:25:17 2025]
localrule process:
    input: data/raw/study_A/conversation_u00.csv
    output: data/interim/study_A/hourly_conversation_u00.csv
    jobid: 0
    reason: Missing output files: data/interim/study_A/hourly_conversation_u00.csv
    resources: tmpdir=/tmp

[Sun Mar  2 15:25:19 2025]
Finished job 0.
1 of 1 steps (100%) done
Complete log: .snakemake/log/2025-03-02T152517.604624.snakemake.log
