Building DAG of jobs...
Using shell: /appl/scibuilder-mamba/aalto-rhel9/prod/software/scicomp-python-env/2024-01/f56a564/bin/bash
Provided cores: 1 (use --cores to define parallelism)
Rules claiming more threads will be scaled down.
Job stats:
job         count
--------  -------
all             1
resample        1
total           2

Select jobs to execute...
Execute 1 jobs...

[Sun Mar  9 23:49:17 2025]
localrule resample:
    input: data/interim/study_A/call_duration.csv
    output: data/interim/study_A/call_hourly.csv
    jobid: 1
    reason: Missing output files: data/interim/study_A/call_hourly.csv
    resources: tmpdir=/tmp

RuleException:
CalledProcessError in file /scratch/work/luongn1/snakemake-tutorial/workflow/Snakefile, line 23:
Command 'set -euo pipefail;  /appl/scibuilder-mamba/aalto-rhel9/prod/software/scicomp-python-env/2024-01/f56a564/bin/python /scratch/work/luongn1/snakemake-tutorial/.snakemake/scripts/tmp2r67napb.resample.py' returned non-zero exit status 1.
[Sun Mar  9 23:49:19 2025]
Error in rule resample:
    jobid: 1
    input: data/interim/study_A/call_duration.csv
    output: data/interim/study_A/call_hourly.csv

Shutting down, this might take some time.
Exiting because a job execution failed. Look above for error message
Complete log: .snakemake/log/2025-03-09T234917.902953.snakemake.log
WorkflowError:
At least one job did not complete successfully.
