Building DAG of jobs...
Using shell: /appl/scibuilder-mamba/aalto-rhel9/prod/software/scicomp-python-env/2024-01/f56a564/bin/bash
Provided cores: 1 (use --cores to define parallelism)
Rules claiming more threads will be scaled down.
Job stats:
job        count
-------  -------
process        1
total          1

Select jobs to execute...
Execute 1 jobs...

[Mon Mar  3 17:03:05 2025]
localrule process:
    input: data/raw/study_A/conversation_u00.csv, data/raw/study_A/conversation_u01.csv
    output: data/interim/study_A/call_duration.csv
    jobid: 0
    reason: Missing output files: data/interim/study_A/call_duration.csv
    resources: tmpdir=/tmp

RuleException:
CalledProcessError in file /scratch/work/luongn1/snakemake-tutorial/workflow/Snakefile, line 13:
Command 'set -euo pipefail;  /appl/scibuilder-mamba/aalto-rhel9/prod/software/scicomp-python-env/2024-01/f56a564/bin/python /scratch/work/luongn1/snakemake-tutorial/.snakemake/scripts/tmptaqvw16p.preprocess.py' returned non-zero exit status 1.
[Mon Mar  3 17:03:07 2025]
Error in rule process:
    jobid: 0
    input: data/raw/study_A/conversation_u00.csv, data/raw/study_A/conversation_u01.csv
    output: data/interim/study_A/call_duration.csv

Shutting down, this might take some time.
Exiting because a job execution failed. Look above for error message
Complete log: .snakemake/log/2025-03-03T170305.426120.snakemake.log
WorkflowError:
At least one job did not complete successfully.
