Building DAG of jobs...
Using shell: /appl/scibuilder-mamba/aalto-rhel9/prod/software/scicomp-python-env/2024-01/f56a564/bin/bash
Provided cores: 1 (use --cores to define parallelism)
Rules claiming more threads will be scaled down.
Job stats:
job      count
-----  -------
clean        1
total        1

Select jobs to execute...
Execute 1 jobs...

[Sun Mar  2 15:27:52 2025]
localrule clean:
    jobid: 0
    reason: Rules with neither input nor output files are always executed.
    resources: tmpdir=/tmp

[Sun Mar  2 15:27:52 2025]
Finished job 0.
1 of 1 steps (100%) done
Complete log: .snakemake/log/2025-03-02T152752.006041.snakemake.log
